Fri May 18 2018 11:41:53 GMT+0200 (CEST): GET /home
Fri May 18 2018 11:41:57 GMT+0200 (CEST): GET /about
2018-05-18T09:45:22.654Z: GET /about
2018-05-18T09:45:24.042Z: GET /about
2018-05-18T09:45:25.758Z: GET /about
2018-05-18T09:45:27.051Z: GET /home
2018-05-18T09:49:29.689Z GET /home
2018-05-18T09:49:48.018Z GET /about
2018-05-18T09:52:48.295Z GET /about
2018-05-18T09:52:53.067Z GET /
2018-05-18T09:53:00.584Z GET /
2018-05-18T09:56:21.875Z GET /
2018-05-18T09:56:21.919Z GET /index.js
2018-05-18T09:56:29.802Z GET /
2018-05-18T09:56:29.823Z GET /index.js
2018-05-18T09:56:35.609Z GET /home
2018-05-18T09:56:45.286Z GET /home
2018-05-18T09:56:46.515Z GET /about
2018-05-18T09:56:48.133Z GET /home
2018-05-18T09:56:49.375Z GET /about
